<?xml version="1.0" encoding="UTF-8"?>
<testng-results ignored="0" total="1" passed="1" failed="0" skipped="0">
  <reporter-output>
  </reporter-output>
  <suite started-at="2025-07-15T23:59:39 GMT-04:00" name="AutomationSuite" finished-at="2025-07-15T23:59:45 GMT-04:00" duration-ms="6111">
    <groups>
    </groups>
    <test started-at="2025-07-15T23:59:39 GMT-04:00" name="RegressionTests" finished-at="2025-07-15T23:59:45 GMT-04:00" duration-ms="6111">
      <class name="tests.SampleTest">
        <test-method is-config="true" signature="setup(java.lang.reflect.Method)[pri:0, instance:tests.SampleTest@4c371370]" started-at="2025-07-15T23:59:39 GMT-04:00" name="setup" finished-at="2025-07-15T23:59:43 GMT-04:00" duration-ms="4072" status="PASS">
          <params>
            <param index="0">
              <value>
                <![CDATA[public void tests.SampleTest.verifyGoogleTitle()]]>
              </value>
            </param>
          </params>
          <reporter-output>
          </reporter-output>
        </test-method> <!-- setup -->
        <test-method signature="verifyGoogleTitle()[pri:0, instance:tests.SampleTest@4c371370]" started-at="2025-07-15T23:59:43 GMT-04:00" name="verifyGoogleTitle" finished-at="2025-07-15T23:59:44 GMT-04:00" duration-ms="1019" status="PASS">
          <reporter-output>
          </reporter-output>
        </test-method> <!-- verifyGoogleTitle -->
        <test-method is-config="true" signature="tearDown(org.testng.ITestResult)[pri:0, instance:tests.SampleTest@4c371370]" started-at="2025-07-15T23:59:44 GMT-04:00" name="tearDown" finished-at="2025-07-15T23:59:45 GMT-04:00" duration-ms="911" status="PASS">
          <params>
            <param index="0">
              <value>
                <![CDATA[[TestResult name=verifyGoogleTitle status=SUCCESS method=SampleTest.verifyGoogleTitle()[pri:0, instance:tests.SampleTest@4c371370] output={null}]]]>
              </value>
            </param>
          </params>
          <reporter-output>
          </reporter-output>
        </test-method> <!-- tearDown -->
      </class> <!-- tests.SampleTest -->
    </test> <!-- RegressionTests -->
  </suite> <!-- AutomationSuite -->
</testng-results>
